<?xml version="1.0" encoding="UTF-8"?>
<!-- Generated by org.testng.reporters.JUnitReportReporter -->
<testsuite hostname="prashilalva-HP-ProBook-440-G2" failures="0" tests="1" name="com.realme.testing.title.RealmeTitleTest" time="15.912" errors="0" timestamp="10 Feb 2021 06:26:00 GMT" skipped="0">
  <testcase classname="com.realme.testing.title.RealmeTitleTest" name="loadPage" time="15.912"/>
</testsuite> <!-- com.realme.testing.title.RealmeTitleTest -->
