<?xml version="1.0" encoding="UTF-8"?>
<!-- Generated by org.testng.reporters.JUnitReportReporter -->
<testsuite hostname="prashilalva-HP-ProBook-440-G2" failures="0" tests="1" name="com.realme.testing.title.RealmeTitleTest" time="53.976" errors="0" timestamp="04 Mar 2021 09:01:25 GMT" skipped="0">
  <testcase classname="com.realme.testing.title.RealmeTitleTest" name="loadPage" time="53.976"/>
</testsuite> <!-- com.realme.testing.title.RealmeTitleTest -->
